run_id=inject-hr-missing
raw_records=10
cleaned_records=4
quarantine_records=6
cleaned_csv=artifacts/cleaned/cleaned_inject-hr-missing.csv
quarantine_csv=artifacts/quarantine/quarantine_inject-hr-missing.csv
expectation[min_one_row] OK (halt) :: cleaned_rows=4
expectation[no_empty_doc_id] OK (halt) :: empty_doc_id_rows=0
expectation[allowed_doc_ids_only] OK (halt) :: invalid_doc_ids=[]
expectation[refund_no_stale_14d_window] OK (halt) :: violating_rows=0
expectation[chunk_min_length_8] OK (warn) :: short_chunk_rows=0
expectation[effective_date_valid_iso_yyyy_mm_dd] OK (halt) :: invalid_effective_dates=[]
expectation[hr_leave_no_stale_10d_annual] OK (halt) :: violating_rows=0
expectation[exported_at_valid_iso_datetime] OK (halt) :: invalid_exported_at_values=[]
expectation[critical_doc_presence] FAIL (halt) :: missing_doc_ids=['hr_leave_policy']
expectation[business_anchor_per_doc] FAIL (halt) :: missing_anchor_doc_ids=['hr_leave_policy']
expectation[no_duplicate_chunk_text] OK (warn) :: unique_duplicate_texts=0
expectation[allowed_doc_ids_only] OK (halt) :: invalid_doc_rows=0
expectation[mandatory_exported_at] OK (halt) :: missing_exported_at=0
manifest_written=artifacts/manifests/manifest_inject-hr-missing.json
freshness_check=SKIP {"reason": "validation_halt"}
PIPELINE_HALT: expectation suite failed (halt).
