run_id=inject-hr-missing-skip
raw_records=10
cleaned_records=4
quarantine_records=6
cleaned_csv=artifacts/cleaned/cleaned_inject-hr-missing-skip.csv
quarantine_csv=artifacts/quarantine/quarantine_inject-hr-missing-skip.csv
expectation[min_one_row] OK (halt) :: cleaned_rows=4
expectation[no_empty_doc_id] OK (halt) :: empty_doc_id_rows=0
expectation[allowed_doc_ids_only] OK (halt) :: invalid_doc_ids=[]
expectation[refund_no_stale_14d_window] OK (halt) :: violating_rows=0
expectation[chunk_min_length_8] OK (warn) :: short_chunk_rows=0
expectation[effective_date_valid_iso_yyyy_mm_dd] OK (halt) :: invalid_effective_dates=[]
expectation[hr_leave_no_stale_10d_annual] OK (halt) :: violating_rows=0
expectation[exported_at_valid_iso_datetime] OK (halt) :: invalid_exported_at_values=[]
expectation[critical_doc_presence] FAIL (halt) :: missing_doc_ids=['hr_leave_policy']
expectation[business_anchor_per_doc] FAIL (halt) :: missing_anchor_doc_ids=['hr_leave_policy']
expectation[no_duplicate_chunk_text] OK (warn) :: unique_duplicate_texts=0
expectation[allowed_doc_ids_only] OK (halt) :: invalid_doc_rows=0
expectation[mandatory_exported_at] OK (halt) :: missing_exported_at=0
WARN: expectation failed but --skip-validate → tiếp tục embed (chỉ dùng cho demo Sprint 3).
embed_prune_removed=1
embed_existing_count=5
embed_upsert count=4 collection=day10_kb
embed_final_count=4
manifest_written=artifacts/manifests/manifest_inject-hr-missing-skip.json
freshness_check=FAIL {"checked_boundary": "latest_exported_at", "timestamp_used": "2026-04-10T08:00:00+00:00", "age_hours": 121.932, "sla_hours": 24.0, "manifest_status": "published_with_validation_skipped", "fallback_used": false, "status_reason": "freshness_sla_exceeded", "reason": "freshness_sla_exceeded"}
PIPELINE_OK
